[+] Containers:
 |- [+] Container: /Game/Multiplayer/Maps/Map1
 |   |- [+] ActorDescs:
 |   |   |- Guid:14FC2877420966674EFAEA98AD344BE7 BaseClass: NativeClass:/Script/Engine.StaticMeshActor Name:StaticMeshActor_6 Label:SM_Cube3 SpatiallyLoaded:1 Bounds:IsValid=true, Min=(X=0.000 Y=3400.000 Z=0.000), Max=(X=3000.000 Y=3500.000 Z=400.000) RuntimeGrid:None EditorOnly:0 RuntimeOnly:0 HLODRelevant:1 ListedInSceneOutliner:1 IsMainWorldOnly:0 FolderPath:Playground FolderGuid:C73F09FC4215536B1DCE2A9E0A830C70
 |   |   |- Guid:16A8A78E4525FB30DE91BB830EA2919F BaseClass: NativeClass:/Script/Engine.StaticMeshActor Name:StaticMeshActor_2 Label:SM_ChamferCube SpatiallyLoaded:1 Bounds:IsValid=true, Min=(X=1100.000 Y=2000.000 Z=0.013), Max=(X=1200.000 Y=2100.000 Z=100.013) RuntimeGrid:None EditorOnly:0 RuntimeOnly:0 HLODRelevant:0 ListedInSceneOutliner:1 IsMainWorldOnly:0
 |   |   |- Guid:183CD3F14E1D69077264AEBD86B47877 BaseClass: NativeClass:/Script/Engine.StaticMeshActor Name:StaticMeshActor_21 Label:SM_QuarterCylinder3 SpatiallyLoaded:1 Bounds:IsValid=true, Min=(X=1500.000 Y=2200.000 Z=0.000), Max=(X=1600.000 Y=2300.000 Z=200.000) RuntimeGrid:None EditorOnly:0 RuntimeOnly:0 HLODRelevant:1 ListedInSceneOutliner:1 IsMainWorldOnly:0 FolderPath:Block01 FolderGuid:7D23E5AE4C2A421F86AF6986D87E6D05
 |   |   |- Guid:19C9A4294C6603BA4B4A8F929071EAED BaseClass: NativeClass:/Script/Engine.StaticMeshActor Name:StaticMeshActor_12 Label:SM_Cube8 SpatiallyLoaded:1 Bounds:IsValid=true, Min=(X=1300.000 Y=2600.000 Z=0.000), Max=(X=2500.000 Y=2900.000 Z=200.000) RuntimeGrid:None EditorOnly:0 RuntimeOnly:0 HLODRelevant:1 ListedInSceneOutliner:1 IsMainWorldOnly:0 FolderPath:Block02 FolderGuid:EBA23F8248252949750E43911A3A1CDD
 |   |   |- Guid:1D717E4D4DA9573A6F848CA5BB19882E BaseClass: NativeClass:/Script/Engine.StaticMeshActor Name:StaticMeshActor_34 Label:SM_QuarterCylinder13 SpatiallyLoaded:1 Bounds:IsValid=true, Min=(X=2000.000 Y=500.000 Z=0.000), Max=(X=2200.000 Y=700.000 Z=100.000) RuntimeGrid:None EditorOnly:0 RuntimeOnly:0 HLODRelevant:1 ListedInSceneOutliner:1 IsMainWorldOnly:0 FolderPath:Cylinder FolderGuid:D075E5BA49330D3EC2503D81A7CF88D1
 |   |   |- Guid:273604C7488826C2BA8D58ACF1D80D21 BaseClass: NativeClass:/Script/Engine.TextRenderActor Name:TextRenderActor_1 Label:TextRenderActor SpatiallyLoaded:1 Bounds:IsValid=true, Min=(X=-0.100 Y=1100.000 Z=65.013), Max=(X=-0.100 Y=2392.308 Z=215.013) RuntimeGrid:None EditorOnly:0 RuntimeOnly:0 HLODRelevant:0 ListedInSceneOutliner:1 IsMainWorldOnly:0
 |   |   |- Guid:2793D89644DB164BA2B91EABE2EFE744 BaseClass: NativeClass:/Script/Engine.StaticMeshActor Name:StaticMeshActor_11 Label:SM_ChamferCube3 SpatiallyLoaded:1 Bounds:IsValid=true, Min=(X=481.699 Y=2271.699 Z=0.013), Max=(X=618.301 Y=2408.301 Z=100.013) RuntimeGrid:None EditorOnly:0 RuntimeOnly:0 HLODRelevant:0 ListedInSceneOutliner:1 IsMainWorldOnly:0
 |   |   |- Guid:29F867F741E4DC977697969DBB842491 BaseClass: NativeClass:/Script/Engine.StaticMeshActor Name:StaticMeshActor_0 Label:SM_Cube5 SpatiallyLoaded:1 Bounds:IsValid=true, Min=(X=-0.000 Y=100.000 Z=0.000), Max=(X=100.000 Y=3400.000 Z=400.000) RuntimeGrid:None EditorOnly:0 RuntimeOnly:0 HLODRelevant:1 ListedInSceneOutliner:1 IsMainWorldOnly:0 FolderPath:Playground FolderGuid:C73F09FC4215536B1DCE2A9E0A830C70
 |   |   |- Guid:466F0D104F565628D2A6F28D43178F55 BaseClass: NativeClass:/Script/Engine.ExponentialHeightFog Name:ExponentialHeightFog_0 Label:ExponentialHeightFog SpatiallyLoaded:0 Bounds:IsValid=true, Min=(X=-5600.000 Y=-50.000 Z=-6850.000), Max=(X=-5600.000 Y=-50.000 Z=-6850.000) RuntimeGrid:None EditorOnly:0 RuntimeOnly:0 HLODRelevant:0 ListedInSceneOutliner:1 IsMainWorldOnly:0 FolderPath:Lighting FolderGuid:963EC3EB4002CCE9759E2EBA541A873A
 |   |   |- Guid:4CADDA4D49C1E081F002CFB9ADF67D4F BaseClass: NativeClass:/Script/Engine.StaticMeshActor Name:StaticMeshActor_33 Label:SM_QuarterCylinder12 SpatiallyLoaded:1 Bounds:IsValid=true, Min=(X=2000.000 Y=700.000 Z=0.000), Max=(X=2200.000 Y=900.000 Z=100.000) RuntimeGrid:None EditorOnly:0 RuntimeOnly:0 HLODRelevant:1 ListedInSceneOutliner:1 IsMainWorldOnly:0 FolderPath:Cylinder FolderGuid:D075E5BA49330D3EC2503D81A7CF88D1
 |   |   |- Guid:5622C8874659F48FEBE3C990BFA0E637 BaseClass: NativeClass:/Script/Engine.StaticMeshActor Name:StaticMeshActor_14 Label:SM_Ramp3 SpatiallyLoaded:1 Bounds:IsValid=true, Min=(X=1800.000 Y=1700.000 Z=100.000), Max=(X=2000.000 Y=2100.000 Z=200.000) RuntimeGrid:None EditorOnly:0 RuntimeOnly:0 HLODRelevant:1 ListedInSceneOutliner:1 IsMainWorldOnly:0 FolderPath:Block01 FolderGuid:7D23E5AE4C2A421F86AF6986D87E6D05
 |   |   |- Guid:564611D243E5052EE8A143B5C578407D BaseClass: NativeClass:/Script/Engine.StaticMeshActor Name:StaticMeshActor_5 Label:SM_Cube2 SpatiallyLoaded:1 Bounds:IsValid=true, Min=(X=0.000 Y=0.000 Z=0.000), Max=(X=3000.000 Y=100.000 Z=400.000) RuntimeGrid:None EditorOnly:0 RuntimeOnly:0 HLODRelevant:1 ListedInSceneOutliner:1 IsMainWorldOnly:0 FolderPath:Playground FolderGuid:C73F09FC4215536B1DCE2A9E0A830C70
 |   |   |- Guid:57D28E8F4F3F12B8863743A1F4CC7942 BaseClass: NativeClass:/Script/Engine.StaticMeshActor Name:StaticMeshActor_4 Label:SM_Cube6 SpatiallyLoaded:1 Bounds:IsValid=true, Min=(X=2900.000 Y=100.000 Z=0.000), Max=(X=3000.000 Y=3400.000 Z=400.000) RuntimeGrid:None EditorOnly:0 RuntimeOnly:0 HLODRelevant:1 ListedInSceneOutliner:1 IsMainWorldOnly:0 FolderPath:Playground FolderGuid:C73F09FC4215536B1DCE2A9E0A830C70
 |   |   |- Guid:59FA4557418F1C0EE96667940196A676 BaseClass: NativeClass:/Script/Engine.StaticMeshActor Name:StaticMeshActor_35 Label:SM_QuarterCylinder14 SpatiallyLoaded:1 Bounds:IsValid=true, Min=(X=2200.000 Y=500.000 Z=0.000), Max=(X=2400.000 Y=700.000 Z=100.000) RuntimeGrid:None EditorOnly:0 RuntimeOnly:0 HLODRelevant:1 ListedInSceneOutliner:1 IsMainWorldOnly:0 FolderPath:Cylinder FolderGuid:D075E5BA49330D3EC2503D81A7CF88D1
 |   |   |- Guid:5A3E8C91487D432A8611B497BECEDE5E BaseClass: NativeClass:/Script/Engine.StaticMeshActor Name:StaticMeshActor_13 Label:SM_Cube9 SpatiallyLoaded:1 Bounds:IsValid=true, Min=(X=1800.000 Y=1500.000 Z=0.000), Max=(X=2000.000 Y=2200.000 Z=100.000) RuntimeGrid:None EditorOnly:0 RuntimeOnly:0 HLODRelevant:1 ListedInSceneOutliner:1 IsMainWorldOnly:0 FolderPath:Block01 FolderGuid:7D23E5AE4C2A421F86AF6986D87E6D05
 |   |   |- Guid:6BA924C44AD011203264309F8B1B455A BaseClass: NativeClass:/Script/Engine.StaticMeshActor Name:StaticMeshActor_7 Label:SM_Cube7 SpatiallyLoaded:1 Bounds:IsValid=true, Min=(X=1300.000 Y=2200.000 Z=0.000), Max=(X=1500.000 Y=2300.000 Z=200.000) RuntimeGrid:None EditorOnly:0 RuntimeOnly:0 HLODRelevant:1 ListedInSceneOutliner:1 IsMainWorldOnly:0 FolderPath:Block01 FolderGuid:7D23E5AE4C2A421F86AF6986D87E6D05
 |   |   |- Guid:73BA04AD400B07F706EAE982D671836C BaseClass: NativeClass:/Script/Engine.StaticMeshActor Name:StaticMeshActor_1 Label:SM_Cube SpatiallyLoaded:1 Bounds:IsValid=true, Min=(X=0.000 Y=0.000 Z=-50.000), Max=(X=3000.000 Y=3500.000 Z=0.000) RuntimeGrid:None EditorOnly:0 RuntimeOnly:0 HLODRelevant:1 ListedInSceneOutliner:1 IsMainWorldOnly:0 FolderPath:Playground FolderGuid:C73F09FC4215536B1DCE2A9E0A830C70
 |   |   |- Guid:76C0925641BFD25C5EAD629B549DD515 BaseClass: NativeClass:/Script/Engine.StaticMeshActor Name:StaticMeshActor_24 Label:SM_Cube13 SpatiallyLoaded:1 Bounds:IsValid=true, Min=(X=300.000 Y=2700.000 Z=0.000), Max=(X=400.000 Y=2800.000 Z=200.000) RuntimeGrid:None EditorOnly:0 RuntimeOnly:0 HLODRelevant:1 ListedInSceneOutliner:1 IsMainWorldOnly:0 FolderPath:Block03 FolderGuid:7B7009C345D3D6DD94D3429E1D79C034
 |   |   |- Guid:7BA00AFA4C0F61444F1470985904B029 BaseClass: NativeClass:/Script/Engine.StaticMeshActor Name:StaticMeshActor_18 Label:SM_QuarterCylinder SpatiallyLoaded:1 Bounds:IsValid=true, Min=(X=2500.000 Y=2800.000 Z=0.000), Max=(X=2600.000 Y=2900.000 Z=200.000) RuntimeGrid:None EditorOnly:0 RuntimeOnly:0 HLODRelevant:1 ListedInSceneOutliner:1 IsMainWorldOnly:0 FolderPath:Block02 FolderGuid:EBA23F8248252949750E43911A3A1CDD
 |   |   |- Guid:7C5C521346D8D7B8DC38D2A24AFA5AB5 BaseClass: NativeClass:/Script/Engine.StaticMeshActor Name:StaticMeshActor_10 Label:SM_ChamferCube2 SpatiallyLoaded:1 Bounds:IsValid=true, Min=(X=992.077 Y=2692.077 Z=0.013), Max=(X=1107.923 Y=2807.923 Z=100.013) RuntimeGrid:None EditorOnly:0 RuntimeOnly:0 HLODRelevant:0 ListedInSceneOutliner:1 IsMainWorldOnly:0
 |   |   |- Guid:9243CE2D4CDC8148A7376697E5DD600A BaseClass: NativeClass:/Script/Engine.StaticMeshActor Name:StaticMeshActor_32 Label:SM_QuarterCylinder11 SpatiallyLoaded:1 Bounds:IsValid=true, Min=(X=2200.000 Y=700.000 Z=-0.000), Max=(X=2400.000 Y=900.000 Z=100.000) RuntimeGrid:None EditorOnly:0 RuntimeOnly:0 HLODRelevant:1 ListedInSceneOutliner:1 IsMainWorldOnly:0 FolderPath:Cylinder FolderGuid:D075E5BA49330D3EC2503D81A7CF88D1
 |   |   |- Guid:93C82D364E3A377C9108D686F444473B BaseClass: NativeClass:/Script/Engine.PlayerStart Name:PlayerStart_0 Label:PlayerStart SpatiallyLoaded:0 Bounds:IsValid=true, Min=(X=1197.817 Y=1187.817 Z=0.013), Max=(X=1282.183 Y=1272.183 Z=184.013) RuntimeGrid:None EditorOnly:0 RuntimeOnly:0 HLODRelevant:0 ListedInSceneOutliner:1 IsMainWorldOnly:0
 |   |   |- Guid:9928B84F412065B3557891ACE2332E16 BaseClass: NativeClass:/Script/Engine.StaticMeshActor Name:StaticMeshActor_20 Label:SM_Cube12 SpatiallyLoaded:1 Bounds:IsValid=true, Min=(X=2500.000 Y=2700.000 Z=0.000), Max=(X=2600.000 Y=2800.000 Z=200.000) RuntimeGrid:None EditorOnly:0 RuntimeOnly:0 HLODRelevant:1 ListedInSceneOutliner:1 IsMainWorldOnly:0 FolderPath:Block02 FolderGuid:EBA23F8248252949750E43911A3A1CDD
 |   |   |- Guid:A0AA2E6847037DE5C7D9368569CA8F13 BaseClass: NativeClass:/Script/Engine.VolumetricCloud Name:VolumetricCloud_0 Label:VolumetricCloud SpatiallyLoaded:0 Bounds:IsValid=true, Min=(X=0.000 Y=0.000 Z=820.000), Max=(X=0.000 Y=0.000 Z=820.000) RuntimeGrid:None EditorOnly:0 RuntimeOnly:0 HLODRelevant:0 ListedInSceneOutliner:1 IsMainWorldOnly:0 FolderPath:Lighting FolderGuid:963EC3EB4002CCE9759E2EBA541A873A
 |   |   |- Guid:A7DAFCCC48D18CCFCFEEDEBB97171471 BaseClass: NativeClass:/Script/Engine.SkyAtmosphere Name:SkyAtmosphere_0 Label:SkyAtmosphere SpatiallyLoaded:0 Bounds:IsValid=true, Min=(X=0.000 Y=0.000 Z=1020.000), Max=(X=0.000 Y=0.000 Z=1020.000) RuntimeGrid:None EditorOnly:0 RuntimeOnly:0 HLODRelevant:0 ListedInSceneOutliner:1 IsMainWorldOnly:0 FolderPath:Lighting FolderGuid:963EC3EB4002CCE9759E2EBA541A873A
 |   |   |- Guid:A9CE782B4A7658F6AD85A495C542A405 BaseClass: NativeClass:/Script/Engine.WorldDataLayers Name:WorldDataLayers Label:WorldDataLayers SpatiallyLoaded:0 Bounds:Invalid RuntimeGrid:None EditorOnly:0 RuntimeOnly:0 HLODRelevant:0 ListedInSceneOutliner:1 IsMainWorldOnly:1
 |   |   |- Guid:AC81A5934F95451810E4AB877E3CEBF5 BaseClass: NativeClass:/Script/Engine.StaticMeshActor Name:StaticMeshActor_22 Label:SM_QuarterCylinder4 SpatiallyLoaded:1 Bounds:IsValid=true, Min=(X=300.000 Y=2600.000 Z=0.000), Max=(X=400.000 Y=2700.000 Z=200.000) RuntimeGrid:None EditorOnly:0 RuntimeOnly:0 HLODRelevant:1 ListedInSceneOutliner:1 IsMainWorldOnly:0 FolderPath:Block03 FolderGuid:7B7009C345D3D6DD94D3429E1D79C034
 |   |   |- Guid:AF5A17024F1458BA21B89496A31890BA BaseClass: NativeClass:/Script/Engine.StaticMeshActor Name:StaticMeshActor_3 Label:SM_Ramp SpatiallyLoaded:1 Bounds:IsValid=true, Min=(X=1300.000 Y=600.000 Z=0.000), Max=(X=1700.000 Y=800.000 Z=30.000) RuntimeGrid:None EditorOnly:0 RuntimeOnly:0 HLODRelevant:1 ListedInSceneOutliner:1 IsMainWorldOnly:0
 |   |   |- Guid:AFC336284D460B2563DC2B947BCA25BF BaseClass: NativeClass:/Script/Engine.StaticMeshActor Name:StaticMeshActor_15 Label:SM_Cube10 SpatiallyLoaded:1 Bounds:IsValid=true, Min=(X=1800.000 Y=2100.000 Z=100.000), Max=(X=2000.000 Y=2200.000 Z=200.000) RuntimeGrid:None EditorOnly:0 RuntimeOnly:0 HLODRelevant:1 ListedInSceneOutliner:1 IsMainWorldOnly:0 FolderPath:Block01 FolderGuid:7D23E5AE4C2A421F86AF6986D87E6D05
 |   |   |- Guid:BA8166D04377BC9E44D56CA46D2165F5 BaseClass: NativeClass:/Script/Engine.SkyLight Name:SkyLight_1 Label:SkyLight SpatiallyLoaded:0 Bounds:IsValid=true, Min=(X=0.000 Y=0.000 Z=690.000), Max=(X=0.000 Y=0.000 Z=690.000) RuntimeGrid:None EditorOnly:0 RuntimeOnly:0 HLODRelevant:0 ListedInSceneOutliner:1 IsMainWorldOnly:0 FolderPath:Lighting FolderGuid:963EC3EB4002CCE9759E2EBA541A873A
 |   |   |- Guid:BC5D9E8643964D92021B48A86BF64BC8 BaseClass: NativeClass:/Script/Engine.StaticMeshActor Name:StaticMeshActor_UAID_A4AE111137DC5EFB00_1110535423 Label:SM_SkySphere SpatiallyLoaded:0 Bounds:IsValid=true, Min=(X=-1638400.000 Y=-1638400.000 Z=-1638400.000), Max=(X=1638400.000 Y=1638400.000 Z=1638400.000) RuntimeGrid:None EditorOnly:0 RuntimeOnly:0 HLODRelevant:0 ListedInSceneOutliner:1 IsMainWorldOnly:0 FolderPath:Lighting FolderGuid:963EC3EB4002CCE9759E2EBA541A873A
 |   |   |- Guid:C16AE63440604D2D74323792D550D1D4 BaseClass: NativeClass:/Script/Engine.DirectionalLight Name:DirectionalLight_0 Label:DirectionalLight SpatiallyLoaded:0 Bounds:Invalid RuntimeGrid:None EditorOnly:0 RuntimeOnly:0 HLODRelevant:0 ListedInSceneOutliner:1 IsMainWorldOnly:0 FolderPath:Lighting FolderGuid:963EC3EB4002CCE9759E2EBA541A873A
 |   |   |- Guid:D378BA4743518607E1856DB29D5CD79A BaseClass: NativeClass:/Script/Engine.StaticMeshActor Name:StaticMeshActor_19 Label:SM_QuarterCylinder2 SpatiallyLoaded:1 Bounds:IsValid=true, Min=(X=2500.000 Y=2600.000 Z=0.000), Max=(X=2600.000 Y=2700.000 Z=200.000) RuntimeGrid:None EditorOnly:0 RuntimeOnly:0 HLODRelevant:1 ListedInSceneOutliner:1 IsMainWorldOnly:0 FolderPath:Block02 FolderGuid:EBA23F8248252949750E43911A3A1CDD
 |   |   |- Guid:D6EEB29A485BFA33E2C6B7983D6EC364 BaseClass: NativeClass:/Script/Engine.PlayerStart Name:PlayerStart_UAID_00D861A4B0940E2502_1121495031 Label:PlayerStart2 SpatiallyLoaded:0 Bounds:IsValid=true, Min=(X=860.000 Y=1180.000 Z=0.013), Max=(X=940.000 Y=1260.000 Z=184.013) RuntimeGrid:None EditorOnly:0 RuntimeOnly:0 HLODRelevant:0 ListedInSceneOutliner:1 IsMainWorldOnly:0
 |   |   |- Guid:E8A2DEB54906B1839A1E30BD451C3EF8 BaseClass: NativeClass:/Script/Engine.PostProcessVolume Name:PostProcessVolume_0 Label:PostProcessVolume SpatiallyLoaded:0 Bounds:IsValid=true, Min=(X=0.000 Y=0.000 Z=400.000), Max=(X=200.000 Y=200.000 Z=600.000) RuntimeGrid:None EditorOnly:0 RuntimeOnly:0 HLODRelevant:0 ListedInSceneOutliner:1 IsMainWorldOnly:0 FolderPath:Lighting FolderGuid:963EC3EB4002CCE9759E2EBA541A873A
 |   |   |- Guid:EC8848814563FC28E0484593363EFBFD BaseClass: NativeClass:/Script/Engine.StaticMeshActor Name:StaticMeshActor_8 Label:SM_Cube4 SpatiallyLoaded:1 Bounds:IsValid=true, Min=(X=1200.000 Y=1700.000 Z=0.000), Max=(X=1800.000 Y=2200.000 Z=200.000) RuntimeGrid:None EditorOnly:0 RuntimeOnly:0 HLODRelevant:1 ListedInSceneOutliner:1 IsMainWorldOnly:0 FolderPath:Block01 FolderGuid:7D23E5AE4C2A421F86AF6986D87E6D05
 |   |   |- Guid:F610C20C45DD2ABC006C9B936DA8052F BaseClass: NativeClass:/Script/Engine.StaticMeshActor Name:StaticMeshActor_25 Label:SM_QuarterCylinder6 SpatiallyLoaded:1 Bounds:IsValid=true, Min=(X=1200.000 Y=2200.000 Z=0.000), Max=(X=1300.000 Y=2300.000 Z=200.000) RuntimeGrid:None EditorOnly:0 RuntimeOnly:0 HLODRelevant:1 ListedInSceneOutliner:1 IsMainWorldOnly:0 FolderPath:Block01 FolderGuid:7D23E5AE4C2A421F86AF6986D87E6D05
 |   |   |- Guid:F7A555584D6AE51CAA3E42ACFD843A95 BaseClass: NativeClass:/Script/Engine.StaticMeshActor Name:StaticMeshActor_16 Label:SM_Cube11 SpatiallyLoaded:1 Bounds:IsValid=true, Min=(X=400.000 Y=2600.000 Z=0.000), Max=(X=700.000 Y=2900.000 Z=200.000) RuntimeGrid:None EditorOnly:0 RuntimeOnly:0 HLODRelevant:1 ListedInSceneOutliner:1 IsMainWorldOnly:0 FolderPath:Block03 FolderGuid:7B7009C345D3D6DD94D3429E1D79C034
 |   |   |- Guid:FB78F0404D5F4BA28003B7B0398AEE9A BaseClass: NativeClass:/Script/Engine.StaticMeshActor Name:StaticMeshActor_9 Label:SM_Ramp2 SpatiallyLoaded:1 Bounds:IsValid=true, Min=(X=1400.000 Y=1500.000 Z=0.000), Max=(X=1800.000 Y=1700.000 Z=100.000) RuntimeGrid:None EditorOnly:0 RuntimeOnly:0 HLODRelevant:1 ListedInSceneOutliner:1 IsMainWorldOnly:0 FolderPath:Block01 FolderGuid:7D23E5AE4C2A421F86AF6986D87E6D05
 |   |   |- Guid:FCF9A2DD40849CFFF06F59B804F63023 BaseClass: NativeClass:/Script/Engine.StaticMeshActor Name:StaticMeshActor_23 Label:SM_QuarterCylinder5 SpatiallyLoaded:1 Bounds:IsValid=true, Min=(X=300.000 Y=2800.000 Z=0.000), Max=(X=400.000 Y=2900.000 Z=200.000) RuntimeGrid:None EditorOnly:0 RuntimeOnly:0 HLODRelevant:1 ListedInSceneOutliner:1 IsMainWorldOnly:0 FolderPath:Block03 FolderGuid:7B7009C345D3D6DD94D3429E1D79C034
 |   |- [+] Clusters:
 |   |   |- [+] [  0]
 |   |   |   |- Guid:14FC2877420966674EFAEA98AD344BE7 BaseClass: NativeClass:/Script/Engine.StaticMeshActor Name:StaticMeshActor_6 Label:SM_Cube3 SpatiallyLoaded:1 Bounds:IsValid=true, Min=(X=0.000 Y=3400.000 Z=0.000), Max=(X=3000.000 Y=3500.000 Z=400.000) RuntimeGrid:None EditorOnly:0 RuntimeOnly:0 HLODRelevant:1 ListedInSceneOutliner:1 IsMainWorldOnly:0 FolderPath:Playground FolderGuid:C73F09FC4215536B1DCE2A9E0A830C70
 |   |   |- [+] [  1]
 |   |   |   |- Guid:16A8A78E4525FB30DE91BB830EA2919F BaseClass: NativeClass:/Script/Engine.StaticMeshActor Name:StaticMeshActor_2 Label:SM_ChamferCube SpatiallyLoaded:1 Bounds:IsValid=true, Min=(X=1100.000 Y=2000.000 Z=0.013), Max=(X=1200.000 Y=2100.000 Z=100.013) RuntimeGrid:None EditorOnly:0 RuntimeOnly:0 HLODRelevant:0 ListedInSceneOutliner:1 IsMainWorldOnly:0
 |   |   |- [+] [  2]
 |   |   |   |- Guid:183CD3F14E1D69077264AEBD86B47877 BaseClass: NativeClass:/Script/Engine.StaticMeshActor Name:StaticMeshActor_21 Label:SM_QuarterCylinder3 SpatiallyLoaded:1 Bounds:IsValid=true, Min=(X=1500.000 Y=2200.000 Z=0.000), Max=(X=1600.000 Y=2300.000 Z=200.000) RuntimeGrid:None EditorOnly:0 RuntimeOnly:0 HLODRelevant:1 ListedInSceneOutliner:1 IsMainWorldOnly:0 FolderPath:Block01 FolderGuid:7D23E5AE4C2A421F86AF6986D87E6D05
 |   |   |- [+] [  3]
 |   |   |   |- Guid:19C9A4294C6603BA4B4A8F929071EAED BaseClass: NativeClass:/Script/Engine.StaticMeshActor Name:StaticMeshActor_12 Label:SM_Cube8 SpatiallyLoaded:1 Bounds:IsValid=true, Min=(X=1300.000 Y=2600.000 Z=0.000), Max=(X=2500.000 Y=2900.000 Z=200.000) RuntimeGrid:None EditorOnly:0 RuntimeOnly:0 HLODRelevant:1 ListedInSceneOutliner:1 IsMainWorldOnly:0 FolderPath:Block02 FolderGuid:EBA23F8248252949750E43911A3A1CDD
 |   |   |- [+] [  4]
 |   |   |   |- Guid:1D717E4D4DA9573A6F848CA5BB19882E BaseClass: NativeClass:/Script/Engine.StaticMeshActor Name:StaticMeshActor_34 Label:SM_QuarterCylinder13 SpatiallyLoaded:1 Bounds:IsValid=true, Min=(X=2000.000 Y=500.000 Z=0.000), Max=(X=2200.000 Y=700.000 Z=100.000) RuntimeGrid:None EditorOnly:0 RuntimeOnly:0 HLODRelevant:1 ListedInSceneOutliner:1 IsMainWorldOnly:0 FolderPath:Cylinder FolderGuid:D075E5BA49330D3EC2503D81A7CF88D1
 |   |   |- [+] [  5]
 |   |   |   |- Guid:273604C7488826C2BA8D58ACF1D80D21 BaseClass: NativeClass:/Script/Engine.TextRenderActor Name:TextRenderActor_1 Label:TextRenderActor SpatiallyLoaded:1 Bounds:IsValid=true, Min=(X=-0.100 Y=1100.000 Z=65.013), Max=(X=-0.100 Y=2392.308 Z=215.013) RuntimeGrid:None EditorOnly:0 RuntimeOnly:0 HLODRelevant:0 ListedInSceneOutliner:1 IsMainWorldOnly:0
 |   |   |- [+] [  6]
 |   |   |   |- Guid:2793D89644DB164BA2B91EABE2EFE744 BaseClass: NativeClass:/Script/Engine.StaticMeshActor Name:StaticMeshActor_11 Label:SM_ChamferCube3 SpatiallyLoaded:1 Bounds:IsValid=true, Min=(X=481.699 Y=2271.699 Z=0.013), Max=(X=618.301 Y=2408.301 Z=100.013) RuntimeGrid:None EditorOnly:0 RuntimeOnly:0 HLODRelevant:0 ListedInSceneOutliner:1 IsMainWorldOnly:0
 |   |   |- [+] [  7]
 |   |   |   |- Guid:29F867F741E4DC977697969DBB842491 BaseClass: NativeClass:/Script/Engine.StaticMeshActor Name:StaticMeshActor_0 Label:SM_Cube5 SpatiallyLoaded:1 Bounds:IsValid=true, Min=(X=-0.000 Y=100.000 Z=0.000), Max=(X=100.000 Y=3400.000 Z=400.000) RuntimeGrid:None EditorOnly:0 RuntimeOnly:0 HLODRelevant:1 ListedInSceneOutliner:1 IsMainWorldOnly:0 FolderPath:Playground FolderGuid:C73F09FC4215536B1DCE2A9E0A830C70
 |   |   |- [+] [  8]
 |   |   |   |- Guid:466F0D104F565628D2A6F28D43178F55 BaseClass: NativeClass:/Script/Engine.ExponentialHeightFog Name:ExponentialHeightFog_0 Label:ExponentialHeightFog SpatiallyLoaded:0 Bounds:IsValid=true, Min=(X=-5600.000 Y=-50.000 Z=-6850.000), Max=(X=-5600.000 Y=-50.000 Z=-6850.000) RuntimeGrid:None EditorOnly:0 RuntimeOnly:0 HLODRelevant:0 ListedInSceneOutliner:1 IsMainWorldOnly:0 FolderPath:Lighting FolderGuid:963EC3EB4002CCE9759E2EBA541A873A
 |   |   |- [+] [  9]
 |   |   |   |- Guid:4CADDA4D49C1E081F002CFB9ADF67D4F BaseClass: NativeClass:/Script/Engine.StaticMeshActor Name:StaticMeshActor_33 Label:SM_QuarterCylinder12 SpatiallyLoaded:1 Bounds:IsValid=true, Min=(X=2000.000 Y=700.000 Z=0.000), Max=(X=2200.000 Y=900.000 Z=100.000) RuntimeGrid:None EditorOnly:0 RuntimeOnly:0 HLODRelevant:1 ListedInSceneOutliner:1 IsMainWorldOnly:0 FolderPath:Cylinder FolderGuid:D075E5BA49330D3EC2503D81A7CF88D1
 |   |   |- [+] [ 10]
 |   |   |   |- Guid:5622C8874659F48FEBE3C990BFA0E637 BaseClass: NativeClass:/Script/Engine.StaticMeshActor Name:StaticMeshActor_14 Label:SM_Ramp3 SpatiallyLoaded:1 Bounds:IsValid=true, Min=(X=1800.000 Y=1700.000 Z=100.000), Max=(X=2000.000 Y=2100.000 Z=200.000) RuntimeGrid:None EditorOnly:0 RuntimeOnly:0 HLODRelevant:1 ListedInSceneOutliner:1 IsMainWorldOnly:0 FolderPath:Block01 FolderGuid:7D23E5AE4C2A421F86AF6986D87E6D05
 |   |   |- [+] [ 11]
 |   |   |   |- Guid:564611D243E5052EE8A143B5C578407D BaseClass: NativeClass:/Script/Engine.StaticMeshActor Name:StaticMeshActor_5 Label:SM_Cube2 SpatiallyLoaded:1 Bounds:IsValid=true, Min=(X=0.000 Y=0.000 Z=0.000), Max=(X=3000.000 Y=100.000 Z=400.000) RuntimeGrid:None EditorOnly:0 RuntimeOnly:0 HLODRelevant:1 ListedInSceneOutliner:1 IsMainWorldOnly:0 FolderPath:Playground FolderGuid:C73F09FC4215536B1DCE2A9E0A830C70
 |   |   |- [+] [ 12]
 |   |   |   |- Guid:57D28E8F4F3F12B8863743A1F4CC7942 BaseClass: NativeClass:/Script/Engine.StaticMeshActor Name:StaticMeshActor_4 Label:SM_Cube6 SpatiallyLoaded:1 Bounds:IsValid=true, Min=(X=2900.000 Y=100.000 Z=0.000), Max=(X=3000.000 Y=3400.000 Z=400.000) RuntimeGrid:None EditorOnly:0 RuntimeOnly:0 HLODRelevant:1 ListedInSceneOutliner:1 IsMainWorldOnly:0 FolderPath:Playground FolderGuid:C73F09FC4215536B1DCE2A9E0A830C70
 |   |   |- [+] [ 13]
 |   |   |   |- Guid:59FA4557418F1C0EE96667940196A676 BaseClass: NativeClass:/Script/Engine.StaticMeshActor Name:StaticMeshActor_35 Label:SM_QuarterCylinder14 SpatiallyLoaded:1 Bounds:IsValid=true, Min=(X=2200.000 Y=500.000 Z=0.000), Max=(X=2400.000 Y=700.000 Z=100.000) RuntimeGrid:None EditorOnly:0 RuntimeOnly:0 HLODRelevant:1 ListedInSceneOutliner:1 IsMainWorldOnly:0 FolderPath:Cylinder FolderGuid:D075E5BA49330D3EC2503D81A7CF88D1
 |   |   |- [+] [ 14]
 |   |   |   |- Guid:5A3E8C91487D432A8611B497BECEDE5E BaseClass: NativeClass:/Script/Engine.StaticMeshActor Name:StaticMeshActor_13 Label:SM_Cube9 SpatiallyLoaded:1 Bounds:IsValid=true, Min=(X=1800.000 Y=1500.000 Z=0.000), Max=(X=2000.000 Y=2200.000 Z=100.000) RuntimeGrid:None EditorOnly:0 RuntimeOnly:0 HLODRelevant:1 ListedInSceneOutliner:1 IsMainWorldOnly:0 FolderPath:Block01 FolderGuid:7D23E5AE4C2A421F86AF6986D87E6D05
 |   |   |- [+] [ 15]
 |   |   |   |- Guid:6BA924C44AD011203264309F8B1B455A BaseClass: NativeClass:/Script/Engine.StaticMeshActor Name:StaticMeshActor_7 Label:SM_Cube7 SpatiallyLoaded:1 Bounds:IsValid=true, Min=(X=1300.000 Y=2200.000 Z=0.000), Max=(X=1500.000 Y=2300.000 Z=200.000) RuntimeGrid:None EditorOnly:0 RuntimeOnly:0 HLODRelevant:1 ListedInSceneOutliner:1 IsMainWorldOnly:0 FolderPath:Block01 FolderGuid:7D23E5AE4C2A421F86AF6986D87E6D05
 |   |   |- [+] [ 16]
 |   |   |   |- Guid:73BA04AD400B07F706EAE982D671836C BaseClass: NativeClass:/Script/Engine.StaticMeshActor Name:StaticMeshActor_1 Label:SM_Cube SpatiallyLoaded:1 Bounds:IsValid=true, Min=(X=0.000 Y=0.000 Z=-50.000), Max=(X=3000.000 Y=3500.000 Z=0.000) RuntimeGrid:None EditorOnly:0 RuntimeOnly:0 HLODRelevant:1 ListedInSceneOutliner:1 IsMainWorldOnly:0 FolderPath:Playground FolderGuid:C73F09FC4215536B1DCE2A9E0A830C70
 |   |   |- [+] [ 17]
 |   |   |   |- Guid:76C0925641BFD25C5EAD629B549DD515 BaseClass: NativeClass:/Script/Engine.StaticMeshActor Name:StaticMeshActor_24 Label:SM_Cube13 SpatiallyLoaded:1 Bounds:IsValid=true, Min=(X=300.000 Y=2700.000 Z=0.000), Max=(X=400.000 Y=2800.000 Z=200.000) RuntimeGrid:None EditorOnly:0 RuntimeOnly:0 HLODRelevant:1 ListedInSceneOutliner:1 IsMainWorldOnly:0 FolderPath:Block03 FolderGuid:7B7009C345D3D6DD94D3429E1D79C034
 |   |   |- [+] [ 18]
 |   |   |   |- Guid:7BA00AFA4C0F61444F1470985904B029 BaseClass: NativeClass:/Script/Engine.StaticMeshActor Name:StaticMeshActor_18 Label:SM_QuarterCylinder SpatiallyLoaded:1 Bounds:IsValid=true, Min=(X=2500.000 Y=2800.000 Z=0.000), Max=(X=2600.000 Y=2900.000 Z=200.000) RuntimeGrid:None EditorOnly:0 RuntimeOnly:0 HLODRelevant:1 ListedInSceneOutliner:1 IsMainWorldOnly:0 FolderPath:Block02 FolderGuid:EBA23F8248252949750E43911A3A1CDD
 |   |   |- [+] [ 19]
 |   |   |   |- Guid:7C5C521346D8D7B8DC38D2A24AFA5AB5 BaseClass: NativeClass:/Script/Engine.StaticMeshActor Name:StaticMeshActor_10 Label:SM_ChamferCube2 SpatiallyLoaded:1 Bounds:IsValid=true, Min=(X=992.077 Y=2692.077 Z=0.013), Max=(X=1107.923 Y=2807.923 Z=100.013) RuntimeGrid:None EditorOnly:0 RuntimeOnly:0 HLODRelevant:0 ListedInSceneOutliner:1 IsMainWorldOnly:0
 |   |   |- [+] [ 20]
 |   |   |   |- Guid:9243CE2D4CDC8148A7376697E5DD600A BaseClass: NativeClass:/Script/Engine.StaticMeshActor Name:StaticMeshActor_32 Label:SM_QuarterCylinder11 SpatiallyLoaded:1 Bounds:IsValid=true, Min=(X=2200.000 Y=700.000 Z=-0.000), Max=(X=2400.000 Y=900.000 Z=100.000) RuntimeGrid:None EditorOnly:0 RuntimeOnly:0 HLODRelevant:1 ListedInSceneOutliner:1 IsMainWorldOnly:0 FolderPath:Cylinder FolderGuid:D075E5BA49330D3EC2503D81A7CF88D1
 |   |   |- [+] [ 21]
 |   |   |   |- Guid:93C82D364E3A377C9108D686F444473B BaseClass: NativeClass:/Script/Engine.PlayerStart Name:PlayerStart_0 Label:PlayerStart SpatiallyLoaded:0 Bounds:IsValid=true, Min=(X=1197.817 Y=1187.817 Z=0.013), Max=(X=1282.183 Y=1272.183 Z=184.013) RuntimeGrid:None EditorOnly:0 RuntimeOnly:0 HLODRelevant:0 ListedInSceneOutliner:1 IsMainWorldOnly:0
 |   |   |- [+] [ 22]
 |   |   |   |- Guid:9928B84F412065B3557891ACE2332E16 BaseClass: NativeClass:/Script/Engine.StaticMeshActor Name:StaticMeshActor_20 Label:SM_Cube12 SpatiallyLoaded:1 Bounds:IsValid=true, Min=(X=2500.000 Y=2700.000 Z=0.000), Max=(X=2600.000 Y=2800.000 Z=200.000) RuntimeGrid:None EditorOnly:0 RuntimeOnly:0 HLODRelevant:1 ListedInSceneOutliner:1 IsMainWorldOnly:0 FolderPath:Block02 FolderGuid:EBA23F8248252949750E43911A3A1CDD
 |   |   |- [+] [ 23]
 |   |   |   |- Guid:A0AA2E6847037DE5C7D9368569CA8F13 BaseClass: NativeClass:/Script/Engine.VolumetricCloud Name:VolumetricCloud_0 Label:VolumetricCloud SpatiallyLoaded:0 Bounds:IsValid=true, Min=(X=0.000 Y=0.000 Z=820.000), Max=(X=0.000 Y=0.000 Z=820.000) RuntimeGrid:None EditorOnly:0 RuntimeOnly:0 HLODRelevant:0 ListedInSceneOutliner:1 IsMainWorldOnly:0 FolderPath:Lighting FolderGuid:963EC3EB4002CCE9759E2EBA541A873A
 |   |   |- [+] [ 24]
 |   |   |   |- Guid:A7DAFCCC48D18CCFCFEEDEBB97171471 BaseClass: NativeClass:/Script/Engine.SkyAtmosphere Name:SkyAtmosphere_0 Label:SkyAtmosphere SpatiallyLoaded:0 Bounds:IsValid=true, Min=(X=0.000 Y=0.000 Z=1020.000), Max=(X=0.000 Y=0.000 Z=1020.000) RuntimeGrid:None EditorOnly:0 RuntimeOnly:0 HLODRelevant:0 ListedInSceneOutliner:1 IsMainWorldOnly:0 FolderPath:Lighting FolderGuid:963EC3EB4002CCE9759E2EBA541A873A
 |   |   |- [+] [ 25]
 |   |   |   |- Guid:A9CE782B4A7658F6AD85A495C542A405 BaseClass: NativeClass:/Script/Engine.WorldDataLayers Name:WorldDataLayers Label:WorldDataLayers SpatiallyLoaded:0 Bounds:Invalid RuntimeGrid:None EditorOnly:0 RuntimeOnly:0 HLODRelevant:0 ListedInSceneOutliner:1 IsMainWorldOnly:1
 |   |   |- [+] [ 26]
 |   |   |   |- Guid:AC81A5934F95451810E4AB877E3CEBF5 BaseClass: NativeClass:/Script/Engine.StaticMeshActor Name:StaticMeshActor_22 Label:SM_QuarterCylinder4 SpatiallyLoaded:1 Bounds:IsValid=true, Min=(X=300.000 Y=2600.000 Z=0.000), Max=(X=400.000 Y=2700.000 Z=200.000) RuntimeGrid:None EditorOnly:0 RuntimeOnly:0 HLODRelevant:1 ListedInSceneOutliner:1 IsMainWorldOnly:0 FolderPath:Block03 FolderGuid:7B7009C345D3D6DD94D3429E1D79C034
 |   |   |- [+] [ 27]
 |   |   |   |- Guid:AF5A17024F1458BA21B89496A31890BA BaseClass: NativeClass:/Script/Engine.StaticMeshActor Name:StaticMeshActor_3 Label:SM_Ramp SpatiallyLoaded:1 Bounds:IsValid=true, Min=(X=1300.000 Y=600.000 Z=0.000), Max=(X=1700.000 Y=800.000 Z=30.000) RuntimeGrid:None EditorOnly:0 RuntimeOnly:0 HLODRelevant:1 ListedInSceneOutliner:1 IsMainWorldOnly:0
 |   |   |- [+] [ 28]
 |   |   |   |- Guid:AFC336284D460B2563DC2B947BCA25BF BaseClass: NativeClass:/Script/Engine.StaticMeshActor Name:StaticMeshActor_15 Label:SM_Cube10 SpatiallyLoaded:1 Bounds:IsValid=true, Min=(X=1800.000 Y=2100.000 Z=100.000), Max=(X=2000.000 Y=2200.000 Z=200.000) RuntimeGrid:None EditorOnly:0 RuntimeOnly:0 HLODRelevant:1 ListedInSceneOutliner:1 IsMainWorldOnly:0 FolderPath:Block01 FolderGuid:7D23E5AE4C2A421F86AF6986D87E6D05
 |   |   |- [+] [ 29]
 |   |   |   |- Guid:BA8166D04377BC9E44D56CA46D2165F5 BaseClass: NativeClass:/Script/Engine.SkyLight Name:SkyLight_1 Label:SkyLight SpatiallyLoaded:0 Bounds:IsValid=true, Min=(X=0.000 Y=0.000 Z=690.000), Max=(X=0.000 Y=0.000 Z=690.000) RuntimeGrid:None EditorOnly:0 RuntimeOnly:0 HLODRelevant:0 ListedInSceneOutliner:1 IsMainWorldOnly:0 FolderPath:Lighting FolderGuid:963EC3EB4002CCE9759E2EBA541A873A
 |   |   |- [+] [ 30]
 |   |   |   |- Guid:BC5D9E8643964D92021B48A86BF64BC8 BaseClass: NativeClass:/Script/Engine.StaticMeshActor Name:StaticMeshActor_UAID_A4AE111137DC5EFB00_1110535423 Label:SM_SkySphere SpatiallyLoaded:0 Bounds:IsValid=true, Min=(X=-1638400.000 Y=-1638400.000 Z=-1638400.000), Max=(X=1638400.000 Y=1638400.000 Z=1638400.000) RuntimeGrid:None EditorOnly:0 RuntimeOnly:0 HLODRelevant:0 ListedInSceneOutliner:1 IsMainWorldOnly:0 FolderPath:Lighting FolderGuid:963EC3EB4002CCE9759E2EBA541A873A
 |   |   |- [+] [ 31]
 |   |   |   |- Guid:C16AE63440604D2D74323792D550D1D4 BaseClass: NativeClass:/Script/Engine.DirectionalLight Name:DirectionalLight_0 Label:DirectionalLight SpatiallyLoaded:0 Bounds:Invalid RuntimeGrid:None EditorOnly:0 RuntimeOnly:0 HLODRelevant:0 ListedInSceneOutliner:1 IsMainWorldOnly:0 FolderPath:Lighting FolderGuid:963EC3EB4002CCE9759E2EBA541A873A
 |   |   |- [+] [ 32]
 |   |   |   |- Guid:D378BA4743518607E1856DB29D5CD79A BaseClass: NativeClass:/Script/Engine.StaticMeshActor Name:StaticMeshActor_19 Label:SM_QuarterCylinder2 SpatiallyLoaded:1 Bounds:IsValid=true, Min=(X=2500.000 Y=2600.000 Z=0.000), Max=(X=2600.000 Y=2700.000 Z=200.000) RuntimeGrid:None EditorOnly:0 RuntimeOnly:0 HLODRelevant:1 ListedInSceneOutliner:1 IsMainWorldOnly:0 FolderPath:Block02 FolderGuid:EBA23F8248252949750E43911A3A1CDD
 |   |   |- [+] [ 33]
 |   |   |   |- Guid:D6EEB29A485BFA33E2C6B7983D6EC364 BaseClass: NativeClass:/Script/Engine.PlayerStart Name:PlayerStart_UAID_00D861A4B0940E2502_1121495031 Label:PlayerStart2 SpatiallyLoaded:0 Bounds:IsValid=true, Min=(X=860.000 Y=1180.000 Z=0.013), Max=(X=940.000 Y=1260.000 Z=184.013) RuntimeGrid:None EditorOnly:0 RuntimeOnly:0 HLODRelevant:0 ListedInSceneOutliner:1 IsMainWorldOnly:0
 |   |   |- [+] [ 34]
 |   |   |   |- Guid:E8A2DEB54906B1839A1E30BD451C3EF8 BaseClass: NativeClass:/Script/Engine.PostProcessVolume Name:PostProcessVolume_0 Label:PostProcessVolume SpatiallyLoaded:0 Bounds:IsValid=true, Min=(X=0.000 Y=0.000 Z=400.000), Max=(X=200.000 Y=200.000 Z=600.000) RuntimeGrid:None EditorOnly:0 RuntimeOnly:0 HLODRelevant:0 ListedInSceneOutliner:1 IsMainWorldOnly:0 FolderPath:Lighting FolderGuid:963EC3EB4002CCE9759E2EBA541A873A
 |   |   |- [+] [ 35]
 |   |   |   |- Guid:EC8848814563FC28E0484593363EFBFD BaseClass: NativeClass:/Script/Engine.StaticMeshActor Name:StaticMeshActor_8 Label:SM_Cube4 SpatiallyLoaded:1 Bounds:IsValid=true, Min=(X=1200.000 Y=1700.000 Z=0.000), Max=(X=1800.000 Y=2200.000 Z=200.000) RuntimeGrid:None EditorOnly:0 RuntimeOnly:0 HLODRelevant:1 ListedInSceneOutliner:1 IsMainWorldOnly:0 FolderPath:Block01 FolderGuid:7D23E5AE4C2A421F86AF6986D87E6D05
 |   |   |- [+] [ 36]
 |   |   |   |- Guid:F610C20C45DD2ABC006C9B936DA8052F BaseClass: NativeClass:/Script/Engine.StaticMeshActor Name:StaticMeshActor_25 Label:SM_QuarterCylinder6 SpatiallyLoaded:1 Bounds:IsValid=true, Min=(X=1200.000 Y=2200.000 Z=0.000), Max=(X=1300.000 Y=2300.000 Z=200.000) RuntimeGrid:None EditorOnly:0 RuntimeOnly:0 HLODRelevant:1 ListedInSceneOutliner:1 IsMainWorldOnly:0 FolderPath:Block01 FolderGuid:7D23E5AE4C2A421F86AF6986D87E6D05
 |   |   |- [+] [ 37]
 |   |   |   |- Guid:F7A555584D6AE51CAA3E42ACFD843A95 BaseClass: NativeClass:/Script/Engine.StaticMeshActor Name:StaticMeshActor_16 Label:SM_Cube11 SpatiallyLoaded:1 Bounds:IsValid=true, Min=(X=400.000 Y=2600.000 Z=0.000), Max=(X=700.000 Y=2900.000 Z=200.000) RuntimeGrid:None EditorOnly:0 RuntimeOnly:0 HLODRelevant:1 ListedInSceneOutliner:1 IsMainWorldOnly:0 FolderPath:Block03 FolderGuid:7B7009C345D3D6DD94D3429E1D79C034
 |   |   |- [+] [ 38]
 |   |   |   |- Guid:FB78F0404D5F4BA28003B7B0398AEE9A BaseClass: NativeClass:/Script/Engine.StaticMeshActor Name:StaticMeshActor_9 Label:SM_Ramp2 SpatiallyLoaded:1 Bounds:IsValid=true, Min=(X=1400.000 Y=1500.000 Z=0.000), Max=(X=1800.000 Y=1700.000 Z=100.000) RuntimeGrid:None EditorOnly:0 RuntimeOnly:0 HLODRelevant:1 ListedInSceneOutliner:1 IsMainWorldOnly:0 FolderPath:Block01 FolderGuid:7D23E5AE4C2A421F86AF6986D87E6D05
 |   |   |- [+] [ 39]
 |   |   |   |- Guid:FCF9A2DD40849CFFF06F59B804F63023 BaseClass: NativeClass:/Script/Engine.StaticMeshActor Name:StaticMeshActor_23 Label:SM_QuarterCylinder5 SpatiallyLoaded:1 Bounds:IsValid=true, Min=(X=300.000 Y=2800.000 Z=0.000), Max=(X=400.000 Y=2900.000 Z=200.000) RuntimeGrid:None EditorOnly:0 RuntimeOnly:0 HLODRelevant:1 ListedInSceneOutliner:1 IsMainWorldOnly:0 FolderPath:Block03 FolderGuid:7B7009C345D3D6DD94D3429E1D79C034
 |- ContainerInstances:
 |- [+] MainContainer:
 |   |-        ID: 00000000000000000000000000000000
 |   |-  ParentID: 00000000000000000000000000000000
 |   |-    Bounds: IsValid=false, Min=(X=0.000 Y=0.000 Z=0.000), Max=(X=0.000 Y=0.000 Z=0.000)
 |   |- Transform: 0.000000,0.000000,0.000000|0.000000,0.000000,-0.000000|1.000000,1.000000,1.000000
 |   |- Container: /Game/Multiplayer/Maps/Map1
----------------------------------------------------------------------------------------------------------------
Map1 - Persistent Level
----------------------------------------------------------------------------------------------------------------
[+] Content of Map1 Persistent Level
 |- Always loaded Actor Count: 40 
 |- Actor Path: /Game/Multiplayer/Maps/UEDPIE_0_Map1.Map1:PersistentLevel.DirectionalLight_0
 |- Actor Package: /Game/Multiplayer/Maps/UEDPIE_0_Map1_InstanceOf_/Game/__ExternalActors__/Multiplayer/Maps/Map1/A/91/VOE8AKSHVIP07P56WY4FIW
 |- Actor Path: /Game/Multiplayer/Maps/UEDPIE_0_Map1.Map1:PersistentLevel.ExponentialHeightFog_0
 |- Actor Package: /Game/Multiplayer/Maps/UEDPIE_0_Map1_InstanceOf_/Game/__ExternalActors__/Multiplayer/Maps/Map1/4/A7/ESJ23E5THDPQT4809TXS5V
 |- Actor Path: /Game/Multiplayer/Maps/UEDPIE_0_Map1.Map1:PersistentLevel.PlayerStart_0
 |- Actor Package: /Game/Multiplayer/Maps/UEDPIE_0_Map1_InstanceOf_/Game/__ExternalActors__/Multiplayer/Maps/Map1/0/EJ/2JJNFD1PR5Y6CT47NPUU2J
 |- Actor Path: /Game/Multiplayer/Maps/UEDPIE_0_Map1.Map1:PersistentLevel.PlayerStart_UAID_00D861A4B0940E2502_1121495031
 |- Actor Package: /Game/Multiplayer/Maps/UEDPIE_0_Map1_InstanceOf_/Game/__ExternalActors__/Multiplayer/Maps/Map1/C/1A/BU901L6L8TL8UZYEYAVQ9Q
 |- Actor Path: /Game/Multiplayer/Maps/UEDPIE_0_Map1.Map1:PersistentLevel.PostProcessVolume_0
 |- Actor Package: /Game/Multiplayer/Maps/UEDPIE_0_Map1_InstanceOf_/Game/__ExternalActors__/Multiplayer/Maps/Map1/5/5W/5WHOZ9UQE8MSJ9PY6QK6OQ
 |- Actor Path: /Game/Multiplayer/Maps/UEDPIE_0_Map1.Map1:PersistentLevel.SkyAtmosphere_0
 |- Actor Package: /Game/Multiplayer/Maps/UEDPIE_0_Map1_InstanceOf_/Game/__ExternalActors__/Multiplayer/Maps/Map1/1/7Q/BMLMDD8TU4OHMGDGROQLC6
 |- Actor Path: /Game/Multiplayer/Maps/UEDPIE_0_Map1.Map1:PersistentLevel.SkyLight_1
 |- Actor Package: /Game/Multiplayer/Maps/UEDPIE_0_Map1_InstanceOf_/Game/__ExternalActors__/Multiplayer/Maps/Map1/C/3G/0EXCYHVLMKBRHW4B5SNZ1L
 |- Actor Path: /Game/Multiplayer/Maps/UEDPIE_0_Map1.Map1:PersistentLevel.StaticMeshActor_0
 |- Actor Package: /Game/Multiplayer/Maps/UEDPIE_0_Map1_InstanceOf_/Game/__ExternalActors__/Multiplayer/Maps/Map1/A/VG/H5SGL5TB5B8QSRKL2MMUWP
 |- Actor Path: /Game/Multiplayer/Maps/UEDPIE_0_Map1.Map1:PersistentLevel.StaticMeshActor_1
 |- Actor Package: /Game/Multiplayer/Maps/UEDPIE_0_Map1_InstanceOf_/Game/__ExternalActors__/Multiplayer/Maps/Map1/9/VY/AQBQIU99FZ8GF2M9SJ41WA
 |- Actor Path: /Game/Multiplayer/Maps/UEDPIE_0_Map1.Map1:PersistentLevel.StaticMeshActor_10
 |- Actor Package: /Game/Multiplayer/Maps/UEDPIE_0_Map1_InstanceOf_/Game/__ExternalActors__/Multiplayer/Maps/Map1/A/LR/VYD1XV1NEPIVK5K6Y4W7ZH
 |- Actor Path: /Game/Multiplayer/Maps/UEDPIE_0_Map1.Map1:PersistentLevel.StaticMeshActor_11
 |- Actor Package: /Game/Multiplayer/Maps/UEDPIE_0_Map1_InstanceOf_/Game/__ExternalActors__/Multiplayer/Maps/Map1/1/KG/2JM0IIE6BUJ8KD7ZOFB0FZ
 |- Actor Path: /Game/Multiplayer/Maps/UEDPIE_0_Map1.Map1:PersistentLevel.StaticMeshActor_12
 |- Actor Package: /Game/Multiplayer/Maps/UEDPIE_0_Map1_InstanceOf_/Game/__ExternalActors__/Multiplayer/Maps/Map1/E/7Q/Y6KYRO7Y4D22PQ1KA9YE23
 |- Actor Path: /Game/Multiplayer/Maps/UEDPIE_0_Map1.Map1:PersistentLevel.StaticMeshActor_13
 |- Actor Package: /Game/Multiplayer/Maps/UEDPIE_0_Map1_InstanceOf_/Game/__ExternalActors__/Multiplayer/Maps/Map1/E/ZF/B1LZWEUQRPTM0DU7WQC32P
 |- Actor Path: /Game/Multiplayer/Maps/UEDPIE_0_Map1.Map1:PersistentLevel.StaticMeshActor_14
 |- Actor Package: /Game/Multiplayer/Maps/UEDPIE_0_Map1_InstanceOf_/Game/__ExternalActors__/Multiplayer/Maps/Map1/3/60/44GV85YO4TOQJUSNKCYJUP
 |- Actor Path: /Game/Multiplayer/Maps/UEDPIE_0_Map1.Map1:PersistentLevel.StaticMeshActor_15
 |- Actor Package: /Game/Multiplayer/Maps/UEDPIE_0_Map1_InstanceOf_/Game/__ExternalActors__/Multiplayer/Maps/Map1/4/2M/0VYUNNHP2SHVNEAB3CNC0U
 |- Actor Path: /Game/Multiplayer/Maps/UEDPIE_0_Map1.Map1:PersistentLevel.StaticMeshActor_16
 |- Actor Package: /Game/Multiplayer/Maps/UEDPIE_0_Map1_InstanceOf_/Game/__ExternalActors__/Multiplayer/Maps/Map1/C/UT/YGAVSKG2BOVDNSW3EY705D
 |- Actor Path: /Game/Multiplayer/Maps/UEDPIE_0_Map1.Map1:PersistentLevel.StaticMeshActor_18
 |- Actor Package: /Game/Multiplayer/Maps/UEDPIE_0_Map1_InstanceOf_/Game/__ExternalActors__/Multiplayer/Maps/Map1/D/J9/ZA70AGLTXHD8QW2VDYI17O
 |- Actor Path: /Game/Multiplayer/Maps/UEDPIE_0_Map1.Map1:PersistentLevel.StaticMeshActor_19
 |- Actor Package: /Game/Multiplayer/Maps/UEDPIE_0_Map1_InstanceOf_/Game/__ExternalActors__/Multiplayer/Maps/Map1/9/X8/REM8CKURUZRUDMQVMATR4C
 |- Actor Path: /Game/Multiplayer/Maps/UEDPIE_0_Map1.Map1:PersistentLevel.StaticMeshActor_2
 |- Actor Package: /Game/Multiplayer/Maps/UEDPIE_0_Map1_InstanceOf_/Game/__ExternalActors__/Multiplayer/Maps/Map1/3/3C/HZQCXP19N16EA9SEI952RU
 |- Actor Path: /Game/Multiplayer/Maps/UEDPIE_0_Map1.Map1:PersistentLevel.StaticMeshActor_20
 |- Actor Package: /Game/Multiplayer/Maps/UEDPIE_0_Map1_InstanceOf_/Game/__ExternalActors__/Multiplayer/Maps/Map1/1/N3/6884Z7JJK54N7LNIH0NDXX
 |- Actor Path: /Game/Multiplayer/Maps/UEDPIE_0_Map1.Map1:PersistentLevel.StaticMeshActor_21
 |- Actor Package: /Game/Multiplayer/Maps/UEDPIE_0_Map1_InstanceOf_/Game/__ExternalActors__/Multiplayer/Maps/Map1/B/ML/4TJZWBDI86VDGW7NMJL9EW
 |- Actor Path: /Game/Multiplayer/Maps/UEDPIE_0_Map1.Map1:PersistentLevel.StaticMeshActor_22
 |- Actor Package: /Game/Multiplayer/Maps/UEDPIE_0_Map1_InstanceOf_/Game/__ExternalActors__/Multiplayer/Maps/Map1/C/WK/Y21U940XCS7ZXAPEQLZ8IK
 |- Actor Path: /Game/Multiplayer/Maps/UEDPIE_0_Map1.Map1:PersistentLevel.StaticMeshActor_23
 |- Actor Package: /Game/Multiplayer/Maps/UEDPIE_0_Map1_InstanceOf_/Game/__ExternalActors__/Multiplayer/Maps/Map1/D/HX/ZS224B7CSBPGNX5WGBBL4L
 |- Actor Path: /Game/Multiplayer/Maps/UEDPIE_0_Map1.Map1:PersistentLevel.StaticMeshActor_24
 |- Actor Package: /Game/Multiplayer/Maps/UEDPIE_0_Map1_InstanceOf_/Game/__ExternalActors__/Multiplayer/Maps/Map1/4/1Z/NY015I11SKFX1D11ZSKF1R
 |- Actor Path: /Game/Multiplayer/Maps/UEDPIE_0_Map1.Map1:PersistentLevel.StaticMeshActor_25
 |- Actor Package: /Game/Multiplayer/Maps/UEDPIE_0_Map1_InstanceOf_/Game/__ExternalActors__/Multiplayer/Maps/Map1/0/BW/M4F8BF7FU7OPKROACS3A3Z
 |- Actor Path: /Game/Multiplayer/Maps/UEDPIE_0_Map1.Map1:PersistentLevel.StaticMeshActor_3
 |- Actor Package: /Game/Multiplayer/Maps/UEDPIE_0_Map1_InstanceOf_/Game/__ExternalActors__/Multiplayer/Maps/Map1/1/XS/YCJDGV6I0OZTEAGRJUH94E
 |- Actor Path: /Game/Multiplayer/Maps/UEDPIE_0_Map1.Map1:PersistentLevel.StaticMeshActor_32
 |- Actor Package: /Game/Multiplayer/Maps/UEDPIE_0_Map1_InstanceOf_/Game/__ExternalActors__/Multiplayer/Maps/Map1/5/QY/FDRTHQZRNXUWPZDHR24UH9
 |- Actor Path: /Game/Multiplayer/Maps/UEDPIE_0_Map1.Map1:PersistentLevel.StaticMeshActor_33
 |- Actor Package: /Game/Multiplayer/Maps/UEDPIE_0_Map1_InstanceOf_/Game/__ExternalActors__/Multiplayer/Maps/Map1/2/3I/E27NR9HMS8DTK03DSXZA4P
 |- Actor Path: /Game/Multiplayer/Maps/UEDPIE_0_Map1.Map1:PersistentLevel.StaticMeshActor_34
 |- Actor Package: /Game/Multiplayer/Maps/UEDPIE_0_Map1_InstanceOf_/Game/__ExternalActors__/Multiplayer/Maps/Map1/2/3P/DFA96XB1Q6ZT3VUL62225I
 |- Actor Path: /Game/Multiplayer/Maps/UEDPIE_0_Map1.Map1:PersistentLevel.StaticMeshActor_35
 |- Actor Package: /Game/Multiplayer/Maps/UEDPIE_0_Map1_InstanceOf_/Game/__ExternalActors__/Multiplayer/Maps/Map1/D/H0/JB00IVWZK5677DQPY0F57J
 |- Actor Path: /Game/Multiplayer/Maps/UEDPIE_0_Map1.Map1:PersistentLevel.StaticMeshActor_4
 |- Actor Package: /Game/Multiplayer/Maps/UEDPIE_0_Map1_InstanceOf_/Game/__ExternalActors__/Multiplayer/Maps/Map1/1/TE/KY3EIAJ2RTF1V18HGQ289Q
 |- Actor Path: /Game/Multiplayer/Maps/UEDPIE_0_Map1.Map1:PersistentLevel.StaticMeshActor_5
 |- Actor Package: /Game/Multiplayer/Maps/UEDPIE_0_Map1_InstanceOf_/Game/__ExternalActors__/Multiplayer/Maps/Map1/D/BC/T0ZKD98Q9J3ND5C09Y5PEU
 |- Actor Path: /Game/Multiplayer/Maps/UEDPIE_0_Map1.Map1:PersistentLevel.StaticMeshActor_6
 |- Actor Package: /Game/Multiplayer/Maps/UEDPIE_0_Map1_InstanceOf_/Game/__ExternalActors__/Multiplayer/Maps/Map1/B/95/C8EBBFYUXVFYC9B17R4TXS
 |- Actor Path: /Game/Multiplayer/Maps/UEDPIE_0_Map1.Map1:PersistentLevel.StaticMeshActor_7
 |- Actor Package: /Game/Multiplayer/Maps/UEDPIE_0_Map1_InstanceOf_/Game/__ExternalActors__/Multiplayer/Maps/Map1/1/E3/TGVCXOF5MQUXGJ3NNV85KM
 |- Actor Path: /Game/Multiplayer/Maps/UEDPIE_0_Map1.Map1:PersistentLevel.StaticMeshActor_8
 |- Actor Package: /Game/Multiplayer/Maps/UEDPIE_0_Map1_InstanceOf_/Game/__ExternalActors__/Multiplayer/Maps/Map1/C/UA/NUHWAHV1JLRB6GCQ6O9GJI
 |- Actor Path: /Game/Multiplayer/Maps/UEDPIE_0_Map1.Map1:PersistentLevel.StaticMeshActor_9
 |- Actor Package: /Game/Multiplayer/Maps/UEDPIE_0_Map1_InstanceOf_/Game/__ExternalActors__/Multiplayer/Maps/Map1/7/ZF/T407B9UZM8I6QM9R5JT8H9
 |- Actor Path: /Game/Multiplayer/Maps/UEDPIE_0_Map1.Map1:PersistentLevel.StaticMeshActor_UAID_A4AE111137DC5EFB00_1110535423
 |- Actor Package: /Game/Multiplayer/Maps/UEDPIE_0_Map1_InstanceOf_/Game/__ExternalActors__/Multiplayer/Maps/Map1/D/HC/XNID7P2YN466TK0SGE6L42
 |- Actor Path: /Game/Multiplayer/Maps/UEDPIE_0_Map1.Map1:PersistentLevel.TextRenderActor_1
 |- Actor Package: /Game/Multiplayer/Maps/UEDPIE_0_Map1_InstanceOf_/Game/__ExternalActors__/Multiplayer/Maps/Map1/0/5I/B2ICJ8BYYLERLPFLZFH0FT
 |- Actor Path: /Game/Multiplayer/Maps/UEDPIE_0_Map1.Map1:PersistentLevel.VolumetricCloud_0
 |- Actor Package: /Game/Multiplayer/Maps/UEDPIE_0_Map1_InstanceOf_/Game/__ExternalActors__/Multiplayer/Maps/Map1/6/EY/3FBRS6GSSU2CV2XUXKCU4Z
 |- Actor Path: /Game/Multiplayer/Maps/UEDPIE_0_Map1.Map1:PersistentLevel.WorldDataLayers
 |- Actor Package: /Game/__ExternalActors__/Multiplayer/Maps/Map1/8/OT/JMENV4N15BVEJ99GR1C50C

----------------------------------------------------------------------------------------------------------------
Map1 - Runtime Hash Set
----------------------------------------------------------------------------------------------------------------

